
==================================================
  PoC v2 Generation Test
==================================================
  Model:    moonshotai/Kimi-K2.5
  API:      http://127.0.0.1:8080
  Callback: http://127.0.0.1:9999
  Warmup:   5s
  Duration: 30s per test

Starting batch receiver...
Batch receiver ready.

==================================================
  PHASE 3: Batch Size Benchmark
==================================================
  Batch sizes: [8, 16, 32, 64, 128]
  Duration: 35s each (5s warmup + 30s measurement)

────────────────────────────────────────
  Testing batch_size = 8
────────────────────────────────────────
    5s warmup done
    [10s] 176 nonces
    [20s] 360 nonces
    [30s] 552 nonces
  Result: 552 nonces, 1104/min

────────────────────────────────────────
  Testing batch_size = 16
────────────────────────────────────────
    5s warmup done
    [10s] 192 nonces
    [20s] 384 nonces
    [30s] 592 nonces
  Result: 592 nonces, 1184/min

────────────────────────────────────────
  Testing batch_size = 32
────────────────────────────────────────
    5s warmup done
    [10s] 96 nonces
    [20s] 288 nonces
    [30s] 512 nonces
  Result: 512 nonces, 1024/min

────────────────────────────────────────
  Testing batch_size = 64
────────────────────────────────────────
    5s warmup done
    [10s] 192 nonces
    [20s] 384 nonces
    [30s] 576 nonces
  Result: 576 nonces, 1152/min

────────────────────────────────────────
  Testing batch_size = 128
────────────────────────────────────────
    5s warmup done
    [10s] 0 nonces
    [20s] 0 nonces
    [30s] 0 nonces
  Result: 0 nonces, 0/min

==================================================
  RESULTS
==================================================
     Batch │   Nonces │   Nonces/min
  ─────────┼──────────┼─────────────
         8 │      552 │         1104  
        16 │      592 │         1184 ★
        32 │      512 │         1024  
        64 │      576 │         1152  
       128 │        0 │            0  
==================================================
  ★ Best batch size: 16 (1184 nonces/min)

  NOTE: Best=16 differs from current default (8).
        Update PHASE1_BATCH_SIZE and the pow_v2_routes.py patch in onstart.sh.

✓ Test complete!

Stopping batch receiver...
