Creating shared client manager with 3 clients, 50 connections each for 20 runners
Creating 3 optimized HTTP clients with 50 connections each
File descriptor limits: soft=1024, hard=1048576
Low file descriptor limit (1024). Consider increasing with 'ulimit -n 65536'
Generating 50 prompts with length 1000 and seed 42
Num of prompts: 50
Num of tasks: 60
Num of runners: 20
Max tokens: 300
Tables created successfully.
Experiment created: 
Experiment(
    experiment_id=1,
    experiment_name=MiniMax-M2.7 2xH200 inference,
    experiment_date=2026-05-22 01:32:36.257726,
    description=compressa-perf inference, generated prompts, conc=20
)

Running experiments:   0%|          | 0/60 [00:00<?, ?it/s]Running experiments:   2%|▏         | 1/60 [00:12<12:04, 12.28s/it]Running experiments:  35%|███▌      | 21/60 [00:18<00:28,  1.36it/s]Running experiments:  37%|███▋      | 22/60 [00:18<00:26,  1.44it/s]Running experiments:  68%|██████▊   | 41/60 [00:25<00:08,  2.12it/s]Running experiments:  72%|███████▏  | 43/60 [00:25<00:07,  2.30it/s]Running experiments: 100%|██████████| 60/60 [00:25<00:00,  2.34it/s]
Number of failed measurements: 0

Experiment Details:
ID: 1
Name: MiniMax-M2.7 2xH200 inference
Date: 2026-05-22 01:32:36
Description: compressa-perf inference, generated prompts, conc=20

Experiment Parameters:
╒═════════════════════╤════════════════════════════════════════════╕
│           Parameter │                                      Value │
╞═════════════════════╪════════════════════════════════════════════╡
│         num_workers │                                         20 │
├─────────────────────┼────────────────────────────────────────────┤
│           num_tasks │                                         60 │
├─────────────────────┼────────────────────────────────────────────┤
│            node_url │                      http://127.0.0.1:8081 │
├─────────────────────┼────────────────────────────────────────────┤
│          max_tokens │                                        300 │
├─────────────────────┼────────────────────────────────────────────┤
│          model_name │                  /root/models/MiniMax-M2.7 │
├─────────────────────┼────────────────────────────────────────────┤
│             no_sign │                                       True │
├─────────────────────┼────────────────────────────────────────────┤
│            old_sign │                                      False │
├─────────────────────┼────────────────────────────────────────────┤
│ client_architecture │                                shared_pool │
├─────────────────────┼────────────────────────────────────────────┤
│   requester_address │ 0x0000000000000000000000000000000000000000 │
├─────────────────────┼────────────────────────────────────────────┤
│         avg_n_input │                                   541.7333 │
├─────────────────────┼────────────────────────────────────────────┤
│         std_n_input │                                     5.7309 │
├─────────────────────┼────────────────────────────────────────────┤
│        avg_n_output │                                        300 │
├─────────────────────┼────────────────────────────────────────────┤
│        std_n_output │                                          0 │
╘═════════════════════╧════════════════════════════════════════════╛

Experiment Metrics:
╒══════════════════════════╤═══════════╕
│ Metric                   │     Value │
╞══════════════════════════╪═══════════╡
│ TTFT                     │    2.0699 │
├──────────────────────────┼───────────┤
│ TTFT_95                  │    6.0719 │
├──────────────────────────┼───────────┤
│ TOP_5_TTFT               │    6.072  │
├──────────────────────────┼───────────┤
│ LATENCY                  │    8.5603 │
├──────────────────────────┼───────────┤
│ LATENCY_95               │   12.3609 │
├──────────────────────────┼───────────┤
│ TOP_5_LATENCY            │   12.3642 │
├──────────────────────────┼───────────┤
│ TPOT                     │    0.0285 │
├──────────────────────────┼───────────┤
│ THROUGHPUT               │ 1964.57   │
├──────────────────────────┼───────────┤
│ THROUGHPUT_INPUT_TOKENS  │ 1264.38   │
├──────────────────────────┼───────────┤
│ THROUGHPUT_OUTPUT_TOKENS │  700.188  │
├──────────────────────────┼───────────┤
│ RPS                      │    2.334  │
├──────────────────────────┼───────────┤
│ LONGER_THAN_60_LATENCY   │    0      │
├──────────────────────────┼───────────┤
│ LONGER_THAN_120_LATENCY  │    0      │
├──────────────────────────┼───────────┤
│ LONGER_THAN_180_LATENCY  │    0      │
├──────────────────────────┼───────────┤
│ FAILED_REQUESTS          │    0      │
├──────────────────────────┼───────────┤
│ FAILED_REQUESTS_PER_HOUR │    0      │
╘══════════════════════════╧═══════════╛

List of Experiments:
+------+-------------------------------+---------------------+-------------------------------------------------------+
|   ID | Name                          | Date                | Description                                           |
+======+===============================+=====================+=======================================================+
|    1 | MiniMax-M2.7 2xH200 inference | 2026-05-22 01:32:36 | compressa-perf inference, generated prompts, conc=... |
+------+-------------------------------+---------------------+-------------------------------------------------------+
