Creating shared client manager with 3 clients, 50 connections each for 20 runners
Creating 3 optimized HTTP clients with 50 connections each
File descriptor limits: soft=1024, hard=524288
Low file descriptor limit (1024). Consider increasing with 'ulimit -n 65536'
Generating 50 prompts with length 1000 and seed 42
Num of prompts: 50
Num of tasks: 60
Num of runners: 20
Max tokens: 300
Tables created successfully.
Experiment created: 
Experiment(
    experiment_id=1,
    experiment_name=MiniMax-M2.7 4xA100 inference,
    experiment_date=2026-05-22 17:59:40.318254,
    description=compressa-perf conc=20
)

Running experiments:   0%|          | 0/60 [00:00<?, ?it/s]Running experiments:   2%|▏         | 1/60 [00:17<17:06, 17.39s/it]Running experiments:   3%|▎         | 2/60 [00:17<07:11,  7.43s/it]Running experiments:  35%|███▌      | 21/60 [00:27<00:35,  1.11it/s]Running experiments:  37%|███▋      | 22/60 [00:27<00:33,  1.14it/s]Running experiments:  53%|█████▎    | 32/60 [00:27<00:12,  2.19it/s]Running experiments:  68%|██████▊   | 41/60 [00:36<00:12,  1.49it/s]Running experiments:  73%|███████▎  | 44/60 [00:37<00:09,  1.68it/s]Running experiments: 100%|██████████| 60/60 [00:37<00:00,  1.60it/s]
Number of failed measurements: 0

Experiment Details:
ID: 1
Name: MiniMax-M2.7 4xA100 inference
Date: 2026-05-22 17:59:40
Description: compressa-perf conc=20

Experiment Parameters:
╒═════════════════════╤════════════════════════════════════════════╕
│           Parameter │                                      Value │
╞═════════════════════╪════════════════════════════════════════════╡
│         num_workers │                                         20 │
├─────────────────────┼────────────────────────────────────────────┤
│           num_tasks │                                         60 │
├─────────────────────┼────────────────────────────────────────────┤
│            node_url │                      http://127.0.0.1:8081 │
├─────────────────────┼────────────────────────────────────────────┤
│          max_tokens │                                        300 │
├─────────────────────┼────────────────────────────────────────────┤
│          model_name │                  /root/models/MiniMax-M2.7 │
├─────────────────────┼────────────────────────────────────────────┤
│             no_sign │                                       True │
├─────────────────────┼────────────────────────────────────────────┤
│            old_sign │                                      False │
├─────────────────────┼────────────────────────────────────────────┤
│ client_architecture │                                shared_pool │
├─────────────────────┼────────────────────────────────────────────┤
│   requester_address │ 0x0000000000000000000000000000000000000000 │
├─────────────────────┼────────────────────────────────────────────┤
│         avg_n_input │                                   541.7333 │
├─────────────────────┼────────────────────────────────────────────┤
│         std_n_input │                                     5.7309 │
├─────────────────────┼────────────────────────────────────────────┤
│        avg_n_output │                                   299.7167 │
├─────────────────────┼────────────────────────────────────────────┤
│        std_n_output │                                     2.1947 │
╘═════════════════════╧════════════════════════════════════════════╛

Experiment Metrics:
╒══════════════════════════╤═══════════╕
│ Metric                   │     Value │
╞══════════════════════════╪═══════════╡
│ TTFT                     │    3.037  │
├──────────────────────────┼───────────┤
│ TTFT_95                  │    8.7696 │
├──────────────────────────┼───────────┤
│ TOP_5_TTFT               │    8.778  │
├──────────────────────────┼───────────┤
│ LATENCY                  │   12.5138 │
├──────────────────────────┼───────────┤
│ LATENCY_95               │   17.968  │
├──────────────────────────┼───────────┤
│ TOP_5_LATENCY            │   17.9739 │
├──────────────────────────┼───────────┤
│ TPOT                     │    0.0418 │
├──────────────────────────┼───────────┤
│ THROUGHPUT               │ 1342.52   │
├──────────────────────────┼───────────┤
│ THROUGHPUT_INPUT_TOKENS  │  864.326  │
├──────────────────────────┼───────────┤
│ THROUGHPUT_OUTPUT_TOKENS │  478.193  │
├──────────────────────────┼───────────┤
│ RPS                      │    1.5955 │
├──────────────────────────┼───────────┤
│ LONGER_THAN_60_LATENCY   │    0      │
├──────────────────────────┼───────────┤
│ LONGER_THAN_120_LATENCY  │    0      │
├──────────────────────────┼───────────┤
│ LONGER_THAN_180_LATENCY  │    0      │
├──────────────────────────┼───────────┤
│ FAILED_REQUESTS          │    0      │
├──────────────────────────┼───────────┤
│ FAILED_REQUESTS_PER_HOUR │    0      │
╘══════════════════════════╧═══════════╛

List of Experiments:
+------+-------------------------------+---------------------+------------------------+
|   ID | Name                          | Date                | Description            |
+======+===============================+=====================+========================+
|    1 | MiniMax-M2.7 4xA100 inference | 2026-05-22 17:59:40 | compressa-perf conc=20 |
+------+-------------------------------+---------------------+------------------------+
