Creating shared client manager with 3 clients, 50 connections each for 20 runners
Creating 3 optimized HTTP clients with 50 connections each
File descriptor limits: soft=1024, hard=524288
Low file descriptor limit (1024). Consider increasing with 'ulimit -n 65536'
Generating 50 prompts with length 1000 and seed 42
Num of prompts: 50
Num of tasks: 60
Num of runners: 20
Max tokens: 300
Tables created successfully.
Experiment created: 
Experiment(
    experiment_id=1,
    experiment_name=MiniMax-M2.7 2xB200 inference,
    experiment_date=2026-05-22 02:42:30.604930,
    description=compressa-perf inference conc=20
)

Running experiments:   0%|          | 0/60 [00:00<?, ?it/s]Running experiments:   2%|▏         | 1/60 [00:11<11:08, 11.34s/it]Running experiments:  35%|███▌      | 21/60 [00:16<00:25,  1.54it/s]Running experiments:  37%|███▋      | 22/60 [00:16<00:23,  1.62it/s]Running experiments:  68%|██████▊   | 41/60 [00:22<00:07,  2.49it/s]Running experiments:  78%|███████▊  | 47/60 [00:22<00:04,  3.16it/s]Running experiments: 100%|██████████| 60/60 [00:22<00:00,  2.68it/s]
Number of failed measurements: 0

Experiment Details:
ID: 1
Name: MiniMax-M2.7 2xB200 inference
Date: 2026-05-22 02:42:30
Description: compressa-perf inference conc=20

Experiment Parameters:
╒═════════════════════╤════════════════════════════════════════════╕
│           Parameter │                                      Value │
╞═════════════════════╪════════════════════════════════════════════╡
│         num_workers │                                         20 │
├─────────────────────┼────────────────────────────────────────────┤
│           num_tasks │                                         60 │
├─────────────────────┼────────────────────────────────────────────┤
│            node_url │                      http://127.0.0.1:8081 │
├─────────────────────┼────────────────────────────────────────────┤
│          max_tokens │                                        300 │
├─────────────────────┼────────────────────────────────────────────┤
│          model_name │                  /root/models/MiniMax-M2.7 │
├─────────────────────┼────────────────────────────────────────────┤
│             no_sign │                                       True │
├─────────────────────┼────────────────────────────────────────────┤
│            old_sign │                                      False │
├─────────────────────┼────────────────────────────────────────────┤
│ client_architecture │                                shared_pool │
├─────────────────────┼────────────────────────────────────────────┤
│   requester_address │ 0x0000000000000000000000000000000000000000 │
├─────────────────────┼────────────────────────────────────────────┤
│         avg_n_input │                                   541.7333 │
├─────────────────────┼────────────────────────────────────────────┤
│         std_n_input │                                     5.7309 │
├─────────────────────┼────────────────────────────────────────────┤
│        avg_n_output │                                        300 │
├─────────────────────┼────────────────────────────────────────────┤
│        std_n_output │                                          0 │
╘═════════════════════╧════════════════════════════════════════════╛

Experiment Metrics:
╒══════════════════════════╤═══════════╕
│ Metric                   │     Value │
╞══════════════════════════╪═══════════╡
│ TTFT                     │    2.1216 │
├──────────────────────────┼───────────┤
│ TTFT_95                  │    6.1678 │
├──────────────────────────┼───────────┤
│ TOP_5_TTFT               │    6.1694 │
├──────────────────────────┼───────────┤
│ LATENCY                  │    7.4633 │
├──────────────────────────┼───────────┤
│ LATENCY_95               │   11.3954 │
├──────────────────────────┼───────────┤
│ TOP_5_LATENCY            │   11.3986 │
├──────────────────────────┼───────────┤
│ TPOT                     │    0.0249 │
├──────────────────────────┼───────────┤
│ THROUGHPUT               │ 2253.48   │
├──────────────────────────┼───────────┤
│ THROUGHPUT_INPUT_TOKENS  │ 1450.32   │
├──────────────────────────┼───────────┤
│ THROUGHPUT_OUTPUT_TOKENS │  803.156  │
├──────────────────────────┼───────────┤
│ RPS                      │    2.6772 │
├──────────────────────────┼───────────┤
│ LONGER_THAN_60_LATENCY   │    0      │
├──────────────────────────┼───────────┤
│ LONGER_THAN_120_LATENCY  │    0      │
├──────────────────────────┼───────────┤
│ LONGER_THAN_180_LATENCY  │    0      │
├──────────────────────────┼───────────┤
│ FAILED_REQUESTS          │    0      │
├──────────────────────────┼───────────┤
│ FAILED_REQUESTS_PER_HOUR │    0      │
╘══════════════════════════╧═══════════╛

List of Experiments:
+------+-------------------------------+---------------------+----------------------------------+
|   ID | Name                          | Date                | Description                      |
+======+===============================+=====================+==================================+
|    1 | MiniMax-M2.7 2xB200 inference | 2026-05-22 02:42:30 | compressa-perf inference conc=20 |
+------+-------------------------------+---------------------+----------------------------------+
