Creating shared client manager with 3 clients, 50 connections each for 20 runners
Creating 3 optimized HTTP clients with 50 connections each
File descriptor limits: soft=1024, hard=1048576
Low file descriptor limit (1024). Consider increasing with 'ulimit -n 65536'
Generating 50 prompts with length 1000 and seed 42
Num of prompts: 50
Num of tasks: 60
Num of runners: 20
Max tokens: 300
Tables created successfully.
Experiment created: 
Experiment(
    experiment_id=1,
    experiment_name=MiniMax-M2.7 1xB300 inference,
    experiment_date=2026-05-23 17:56:58.820138,
    description=compressa-perf conc=20
)

Running experiments:   0%|          | 0/60 [00:00<?, ?it/s]Running experiments:   2%|▏         | 1/60 [00:10<09:58, 10.14s/it]Running experiments:  35%|███▌      | 21/60 [00:14<00:20,  1.89it/s]Running experiments:  37%|███▋      | 22/60 [00:16<00:25,  1.46it/s]Running experiments:  68%|██████▊   | 41/60 [00:20<00:07,  2.63it/s]Running experiments:  70%|███████   | 42/60 [00:23<00:08,  2.00it/s]Running experiments: 100%|██████████| 60/60 [00:23<00:00,  2.51it/s]
Number of failed measurements: 0

Experiment Details:
ID: 1
Name: MiniMax-M2.7 1xB300 inference
Date: 2026-05-23 17:56:58
Description: compressa-perf conc=20

Experiment Parameters:
╒═════════════════════╤════════════════════════════════════════════╕
│           Parameter │                                      Value │
╞═════════════════════╪════════════════════════════════════════════╡
│         num_workers │                                         20 │
├─────────────────────┼────────────────────────────────────────────┤
│           num_tasks │                                         60 │
├─────────────────────┼────────────────────────────────────────────┤
│            node_url │                      http://127.0.0.1:8080 │
├─────────────────────┼────────────────────────────────────────────┤
│          max_tokens │                                        300 │
├─────────────────────┼────────────────────────────────────────────┤
│          model_name │                       /models/MiniMax-M2.7 │
├─────────────────────┼────────────────────────────────────────────┤
│             no_sign │                                       True │
├─────────────────────┼────────────────────────────────────────────┤
│            old_sign │                                      False │
├─────────────────────┼────────────────────────────────────────────┤
│ client_architecture │                                shared_pool │
├─────────────────────┼────────────────────────────────────────────┤
│   requester_address │ 0x0000000000000000000000000000000000000000 │
├─────────────────────┼────────────────────────────────────────────┤
│         avg_n_input │                                   541.7333 │
├─────────────────────┼────────────────────────────────────────────┤
│         std_n_input │                                     5.7309 │
├─────────────────────┼────────────────────────────────────────────┤
│        avg_n_output │                                   297.7833 │
├─────────────────────┼────────────────────────────────────────────┤
│        std_n_output │                                    17.1702 │
╘═════════════════════╧════════════════════════════════════════════╛

Experiment Metrics:
╒══════════════════════════╤═══════════╕
│ Metric                   │     Value │
╞══════════════════════════╪═══════════╡
│ TTFT                     │    1.2767 │
├──────────────────────────┼───────────┤
│ TTFT_95                  │    3.4349 │
├──────────────────────────┼───────────┤
│ TOP_5_TTFT               │    3.4353 │
├──────────────────────────┼───────────┤
│ LATENCY                  │    7.9239 │
├──────────────────────────┼───────────┤
│ LATENCY_95               │   10.1797 │
├──────────────────────────┼───────────┤
│ TOP_5_LATENCY            │   10.1805 │
├──────────────────────────┼───────────┤
│ TPOT                     │    0.0266 │
├──────────────────────────┼───────────┤
│ THROUGHPUT               │ 2104.05   │
├──────────────────────────┼───────────┤
│ THROUGHPUT_INPUT_TOKENS  │ 1357.72   │
├──────────────────────────┼───────────┤
│ THROUGHPUT_OUTPUT_TOKENS │  746.322  │
├──────────────────────────┼───────────┤
│ RPS                      │    2.5063 │
├──────────────────────────┼───────────┤
│ LONGER_THAN_60_LATENCY   │    0      │
├──────────────────────────┼───────────┤
│ LONGER_THAN_120_LATENCY  │    0      │
├──────────────────────────┼───────────┤
│ LONGER_THAN_180_LATENCY  │    0      │
├──────────────────────────┼───────────┤
│ FAILED_REQUESTS          │    0      │
├──────────────────────────┼───────────┤
│ FAILED_REQUESTS_PER_HOUR │    0      │
╘══════════════════════════╧═══════════╛

List of Experiments:
+------+-------------------------------+---------------------+------------------------+
|   ID | Name                          | Date                | Description            |
+======+===============================+=====================+========================+
|    1 | MiniMax-M2.7 1xB300 inference | 2026-05-23 17:56:58 | compressa-perf conc=20 |
+------+-------------------------------+---------------------+------------------------+
