Creating shared client manager with 3 clients, 50 connections each for 20 runners
Creating 3 optimized HTTP clients with 50 connections each
File descriptor limits: soft=1024, hard=1048576
Low file descriptor limit (1024). Consider increasing with 'ulimit -n 65536'
Generating 50 prompts with length 1000 and seed 42
Num of prompts: 50
Num of tasks: 60
Num of runners: 20
Max tokens: 300
Tables created successfully.
Experiment created: 
Experiment(
    experiment_id=1,
    experiment_name=MiniMax-M2.7 4xA100-b inference,
    experiment_date=2026-05-22 20:26:42.815043,
    description=compressa-perf conc=20
)

Running experiments:   0%|          | 0/60 [00:00<?, ?it/s]Running experiments:   2%|▏         | 1/60 [00:15<15:32, 15.81s/it]Running experiments:  35%|███▌      | 21/60 [00:24<00:37,  1.03it/s]Running experiments:  37%|███▋      | 22/60 [00:24<00:34,  1.09it/s]Running experiments:  68%|██████▊   | 41/60 [00:33<00:11,  1.62it/s]Running experiments:  72%|███████▏  | 43/60 [00:33<00:09,  1.76it/s]Running experiments: 100%|██████████| 60/60 [00:33<00:00,  1.78it/s]
Number of failed measurements: 0

Experiment Details:
ID: 1
Name: MiniMax-M2.7 4xA100-b inference
Date: 2026-05-22 20:26:42
Description: compressa-perf conc=20

Experiment Parameters:
╒═════════════════════╤════════════════════════════════════════════╕
│           Parameter │                                      Value │
╞═════════════════════╪════════════════════════════════════════════╡
│         num_workers │                                         20 │
├─────────────────────┼────────────────────────────────────────────┤
│           num_tasks │                                         60 │
├─────────────────────┼────────────────────────────────────────────┤
│            node_url │                      http://127.0.0.1:8081 │
├─────────────────────┼────────────────────────────────────────────┤
│          max_tokens │                                        300 │
├─────────────────────┼────────────────────────────────────────────┤
│          model_name │                  /root/models/MiniMax-M2.7 │
├─────────────────────┼────────────────────────────────────────────┤
│             no_sign │                                       True │
├─────────────────────┼────────────────────────────────────────────┤
│            old_sign │                                      False │
├─────────────────────┼────────────────────────────────────────────┤
│ client_architecture │                                shared_pool │
├─────────────────────┼────────────────────────────────────────────┤
│   requester_address │ 0x0000000000000000000000000000000000000000 │
├─────────────────────┼────────────────────────────────────────────┤
│         avg_n_input │                                   541.7333 │
├─────────────────────┼────────────────────────────────────────────┤
│         std_n_input │                                     5.7309 │
├─────────────────────┼────────────────────────────────────────────┤
│        avg_n_output │                                        300 │
├─────────────────────┼────────────────────────────────────────────┤
│        std_n_output │                                          0 │
╘═════════════════════╧════════════════════════════════════════════╛

Experiment Metrics:
╒══════════════════════════╤═══════════╕
│ Metric                   │     Value │
╞══════════════════════════╪═══════════╡
│ TTFT                     │    2.3476 │
├──────────────────────────┼───────────┤
│ TTFT_95                  │    6.6697 │
├──────────────────────────┼───────────┤
│ TOP_5_TTFT               │    6.6714 │
├──────────────────────────┼───────────┤
│ LATENCY                  │   11.2063 │
├──────────────────────────┼───────────┤
│ LATENCY_95               │   15.8895 │
├──────────────────────────┼───────────┤
│ TOP_5_LATENCY            │   15.8917 │
├──────────────────────────┼───────────┤
│ TPOT                     │    0.0374 │
├──────────────────────────┼───────────┤
│ THROUGHPUT               │ 1500.76   │
├──────────────────────────┼───────────┤
│ THROUGHPUT_INPUT_TOKENS  │  965.88   │
├──────────────────────────┼───────────┤
│ THROUGHPUT_OUTPUT_TOKENS │  534.883  │
├──────────────────────────┼───────────┤
│ RPS                      │    1.7829 │
├──────────────────────────┼───────────┤
│ LONGER_THAN_60_LATENCY   │    0      │
├──────────────────────────┼───────────┤
│ LONGER_THAN_120_LATENCY  │    0      │
├──────────────────────────┼───────────┤
│ LONGER_THAN_180_LATENCY  │    0      │
├──────────────────────────┼───────────┤
│ FAILED_REQUESTS          │    0      │
├──────────────────────────┼───────────┤
│ FAILED_REQUESTS_PER_HOUR │    0      │
╘══════════════════════════╧═══════════╛

List of Experiments:
+------+---------------------------------+---------------------+------------------------+
|   ID | Name                            | Date                | Description            |
+======+=================================+=====================+========================+
|    1 | MiniMax-M2.7 4xA100-b inference | 2026-05-22 20:26:42 | compressa-perf conc=20 |
+------+---------------------------------+---------------------+------------------------+
